<?xml version="1.0" encoding="UTF-8"?>
<testsuite xmlns:xsi="http://www.w3.org/2001/XMLSchema-instance" xsi:noNamespaceSchemaLocation="https://maven.apache.org/surefire/maven-surefire-plugin/xsd/surefire-test-report-3.0.xsd" version="3.0" name="com.krunal139.rest.webservices.restfulwebservices.RestfulWebServicesApplicationTests" time="7.085" tests="1" errors="0" skipped="0" failures="0">
  <properties>
[...]
</properties>
  <testcase name="contextLoads" classname="com.krunal139.rest.webservices.restfulwebservices.RestfulWebServicesApplicationTests" time="0.737">
    <system-out><![CDATA[18:50:16.275 [main] INFO org.springframework.test.context.support.AnnotationConfigContextLoaderUtils -- Could not detect default configuration classes for test class [com.krunal139.rest.webservices.restfulwebservices.RestfulWebServicesApplicationTests]: RestfulWebServicesApplicationTests does not declare any static, non-private, non-final, nested classes annotated with @Configuration.
18:50:16.410 [main] INFO org.springframework.boot.test.context.SpringBootTestContextBootstrapper -- Found @SpringBootConfiguration com.krunal139.rest.webservices.restfulwebservices.RestfulWebServicesApplication for test class com.krunal139.rest.webservices.restfulwebservices.RestfulWebServicesApplicationTests
18:50:16.621 [main] INFO org.springframework.boot.devtools.restart.RestartApplicationListener -- Restart disabled due to context in which it is running
07-15 18:50:16 - c.k.r.w.r.RestfulWebServicesApplicationTests - Starting RestfulWebServicesApplicationTests using Java 17.0.10 with PID 21488 (started by kruna in E:\master-spring-and-spring-boot-main\91-aws\03-rest-api-full-stack-h2)
07-15 18:50:16 - c.k.r.w.r.RestfulWebServicesApplicationTests - No active profile set, falling back to 1 default profile: "default"
07-15 18:50:18 - o.s.d.r.c.RepositoryConfigurationDelegate - Bootstrapping Spring Data JPA repositories in DEFAULT mode.
07-15 18:50:18 - o.s.d.r.c.RepositoryConfigurationDelegate - Finished Spring Data repository scanning in 71 ms. Found 1 JPA repository interface.
07-15 18:50:18 - com.zaxxer.hikari.HikariDataSource - HikariPool-1 - Starting...
07-15 18:50:18 - com.zaxxer.hikari.pool.HikariPool - HikariPool-1 - Added connection conn0: url=jdbc:h2:mem:testdb user=SA
07-15 18:50:18 - com.zaxxer.hikari.HikariDataSource - HikariPool-1 - Start completed.
07-15 18:50:18 - o.h.jpa.internal.util.LogHelper - HHH000204: Processing PersistenceUnitInfo [name: default]
07-15 18:50:19 - org.hibernate.Version - HHH000412: Hibernate ORM core version 6.4.1.Final
07-15 18:50:19 - o.h.c.i.RegionFactoryInitiator - HHH000026: Second-level cache disabled
07-15 18:50:19 - o.s.o.j.p.SpringPersistenceUnitInfo - No LoadTimeWeaver setup: ignoring JPA class transformer
07-15 18:50:20 - o.h.e.t.j.p.i.JtaPlatformInitiator - HHH000489: No JTA platform available (set 'hibernate.transaction.jta.platform' to enable JTA platform integration)
07-15 18:50:20 - o.s.o.j.LocalContainerEntityManagerFactoryBean - Initialized JPA EntityManagerFactory for persistence unit 'default'
07-15 18:50:21 - o.s.b.a.o.j.JpaBaseConfiguration$JpaWebConfiguration - spring.jpa.open-in-view is enabled by default. Therefore, database queries may be performed during view rendering. Explicitly configure spring.jpa.open-in-view to disable this warning
07-15 18:50:21 - o.s.s.web.DefaultSecurityFilterChain - Will secure any request with [org.springframework.security.web.session.DisableEncodeUrlFilter@247d44b4, org.springframework.security.web.context.request.async.WebAsyncManagerIntegrationFilter@640028f2, org.springframework.security.web.context.SecurityContextHolderFilter@3feb93a, org.springframework.security.web.header.HeaderWriterFilter@399acce3, org.springframework.web.filter.CorsFilter@48b744fd, org.springframework.security.web.authentication.logout.LogoutFilter@1e084a26, org.springframework.security.oauth2.server.resource.web.authentication.BearerTokenAuthenticationFilter@2a045e85, org.springframework.security.web.authentication.www.BasicAuthenticationFilter@2ac0cb64, org.springframework.security.web.savedrequest.RequestCacheAwareFilter@7f69c4c0, org.springframework.security.web.servletapi.SecurityContextHolderAwareRequestFilter@6a9a6a0c, org.springframework.security.web.authentication.AnonymousAuthenticationFilter@2ef3efcc, org.springframework.security.web.session.SessionManagementFilter@39ee07a9, org.springframework.security.web.access.ExceptionTranslationFilter@4d0e6424, org.springframework.security.web.access.intercept.AuthorizationFilter@4cbd17b3]
07-15 18:50:22 - c.k.r.w.r.RestfulWebServicesApplicationTests - Started RestfulWebServicesApplicationTests in 5.786 seconds (process running for 7.273)
]]></system-out>
  </testcase>
</testsuite>